# JRE version: OpenJDK Runtime Environment (11.0.2+9) (build 11.0.2+9)
# Java VM: OpenJDK 64-Bit Server VM (11.0.2+9, mixed mode, tiered, compressed oops, g1 gc, windows-amd64)
Heap:
 garbage-first heap   total 360448K, used 237557K [0x00000006e0000000, 0x0000000800000000)
  region size 1024K, 4 young (4096K), 4 survivors (4096K)
 Metaspace       used 115734K, capacity 122782K, committed 122904K, reserved 622592K
  class space    used 15501K, capacity 17990K, committed 18072K, reserved 516096K
GC Heap History (10 events):
Event: 124.310 GC heap after
{Heap after GC invocations=112 (full 0):
 garbage-first heap   total 300032K, used 214609K [0x00000006e0000000, 0x0000000800000000)
  region size 1024K, 4 young (4096K), 4 survivors (4096K)
 Metaspace       used 109018K, capacity 115826K, committed 115992K, reserved 616448K
  class space    used 14630K, capacity 17028K, committed 17048K, reserved 516096K
}
Event: 125.085 GC heap before
{Heap before GC invocations=112 (full 0):
 garbage-first heap   total 300032K, used 238161K [0x00000006e0000000, 0x0000000800000000)
  region size 1024K, 28 young (28672K), 4 survivors (4096K)
 Metaspace       used 109967K, capacity 116838K, committed 117016K, reserved 616448K
  class space    used 14757K, capacity 17208K, committed 17304K, reserved 516096K
}
Event: 125.114 GC heap after
{Heap after GC invocations=113 (full 0):
 garbage-first heap   total 300032K, used 218975K [0x00000006e0000000, 0x0000000800000000)
  region size 1024K, 4 young (4096K), 4 survivors (4096K)
 Metaspace       used 109967K, capacity 116838K, committed 117016K, reserved 616448K
  class space    used 14757K, capacity 17208K, committed 17304K, reserved 516096K
}
Event: 125.807 GC heap before
{Heap before GC invocations=113 (full 0):
 garbage-first heap   total 300032K, used 243551K [0x00000006e0000000, 0x0000000800000000)
  region size 1024K, 28 young (28672K), 4 survivors (4096K)
 Metaspace       used 112450K, capacity 119392K, committed 119448K, reserved 618496K
  class space    used 15150K, capacity 17643K, committed 17688K, reserved 516096K
}
Event: 125.817 GC heap after
{Heap after GC invocations=114 (full 0):
 garbage-first heap   total 300032K, used 220535K [0x00000006e0000000, 0x0000000800000000)
  region size 1024K, 2 young (2048K), 2 survivors (2048K)
 Metaspace       used 112450K, capacity 119392K, committed 119448K, reserved 618496K
  class space    used 15150K, capacity 17643K, committed 17688K, reserved 516096K
}
Event: 126.367 GC heap before
{Heap before GC invocations=114 (full 0):
 garbage-first heap   total 300032K, used 246135K [0x00000006e0000000, 0x0000000800000000)
  region size 1024K, 27 young (27648K), 2 survivors (2048K)
 Metaspace       used 115044K, capacity 122007K, committed 122264K, reserved 620544K
  class space    used 15443K, capacity 17913K, committed 17944K, reserved 516096K
}
Event: 126.373 GC heap after
{Heap after GC invocations=115 (full 0):
 garbage-first heap   total 300032K, used 222292K [0x00000006e0000000, 0x0000000800000000)
  region size 1024K, 4 young (4096K), 4 survivors (4096K)
 Metaspace       used 115044K, capacity 122007K, committed 122264K, reserved 620544K
  class space    used 15443K, capacity 17913K, committed 17944K, reserved 516096K
}
Event: 126.963 GC heap before
{Heap before GC invocations=115 (full 0):
 garbage-first heap   total 300032K, used 248916K [0x00000006e0000000, 0x0000000800000000)
  region size 1024K, 30 young (30720K), 4 survivors (4096K)
 Metaspace       used 115645K, capacity 122710K, committed 122904K, reserved 622592K
  class space    used 15499K, capacity 17989K, committed 18072K, reserved 516096K
}
Event: 126.986 GC heap after
{Heap after GC invocations=116 (full 0):
 garbage-first heap   total 300032K, used 229760K [0x00000006e0000000, 0x0000000800000000)
  region size 1024K, 4 young (4096K), 4 survivors (4096K)
 Metaspace       used 115645K, capacity 122710K, committed 122904K, reserved 622592K
  class space    used 15499K, capacity 17989K, committed 18072K, reserved 516096K
}
Event: 127.456 GC heap before
{Heap before GC invocations=116 (full 0):
 garbage-first heap   total 300032K, used 252288K [0x00000006e0000000, 0x0000000800000000)
  region size 1024K, 26 young (26624K), 4 survivors (4096K)
 Metaspace       used 115734K, capacity 122782K, committed 122904K, reserved 622592K
  class space    used 15501K, capacity 17990K, committed 18072K, reserved 516096K
}

